2025-11-17 00:18:58.796114 : Stopping jobs
2025-11-17 00:24:55.658858 : Starting jobs
2025-11-17 00:24:58.620024 : Stopping jobs
2025-11-17 00:25:01.316281 : Starting jobs
2025-11-17 00:25:03.402129 : Stopping jobs
2025-11-17 00:25:04.573181 : Starting jobs
2025-11-17 00:25:05.753799 : Stopping jobs
2025-11-17 00:26:44.602876 : Starting jobs
2025-11-17 00:28:03.524200 : Checking slot information please wait.
2025-11-17 00:28:04.455575 : Current slots are:
Slot number: 1
===============================
Start time: 2025-11-17 02:30:00+00:00
End time: 2025-11-17 03:00:00+00:00
===============================
Slot number: 2
===============================
Start time: 2025-11-17 03:00:00+00:00
End time: 2025-11-17 03:30:00+00:00
===============================
Slot number: 3
===============================
Start time: 2025-11-17 03:30:00+00:00
End time: 2025-11-17 03:52:00+00:00
===============================
Slot number: 4
===============================
Start time: 2025-11-17 03:52:00+00:00
End time: 2025-11-17 04:30:00+00:00
===============================

2025-11-17 00:28:04.460872 : Not In slot
2025-11-17 00:28:04.464424 : Starting jobs
2025-11-17 00:28:59.479742 : Checking slot information please wait.
2025-11-17 00:29:00.501901 : Current slots are:
Slot number: 1
===============================
Start time: 2025-11-17 02:30:00+00:00
End time: 2025-11-17 03:00:00+00:00
===============================
Slot number: 2
===============================
Start time: 2025-11-17 03:00:00+00:00
End time: 2025-11-17 03:30:00+00:00
===============================
Slot number: 3
===============================
Start time: 2025-11-17 03:30:00+00:00
End time: 2025-11-17 03:52:00+00:00
===============================
Slot number: 4
===============================
Start time: 2025-11-17 03:52:00+00:00
End time: 2025-11-17 04:30:00+00:00
===============================

2025-11-17 00:29:00.503761 : Not In slot
2025-11-17 00:29:00.509075 : Starting jobs
2025-11-17 00:30:41.878333 : Checking slot information please wait.
2025-11-17 00:30:42.891280 : Current slots are:
Slot number: 1
===============================
Start time: 2025-11-17 01:53:00+00:00
End time: 2025-11-17 02:00:00+00:00
===============================
Slot number: 2
===============================
Start time: 2025-11-17 02:30:00+00:00
End time: 2025-11-17 03:30:00+00:00
===============================
Slot number: 3
===============================
Start time: 2025-11-17 03:30:00+00:00
End time: 2025-11-17 04:00:00+00:00
===============================
Slot number: 4
===============================
Start time: 2025-11-17 04:00:00+00:00
End time: 2025-11-17 04:30:00+00:00
===============================

2025-11-17 00:30:42.893565 : Not In slot
2025-11-17 00:30:42.894981 : Starting jobs
2025-11-17 00:30:51.539853 : Stopping jobs
2025-11-17 00:30:58.818363 : Starting jobs
